0 info it worked if it ends with ok
1 verbose cli [ 'C:\\Program Files\\nodejs\\node.exe',
1 verbose cli   'C:\\Program Files\\nodejs\\node_modules\\npm\\bin\\npm-cli.js',
1 verbose cli   'run',
1 verbose cli   'serve' ]
2 info using npm@3.10.10
3 info using node@v6.10.3
4 verbose run-script [ 'preserve', 'serve', 'postserve' ]
5 info lifecycle tcc-app@0.1.0~preserve: tcc-app@0.1.0
6 silly lifecycle tcc-app@0.1.0~preserve: no script for preserve, continuing
7 info lifecycle tcc-app@0.1.0~serve: tcc-app@0.1.0
8 verbose lifecycle tcc-app@0.1.0~serve: unsafe-perm in lifecycle true
9 verbose lifecycle tcc-app@0.1.0~serve: PATH: C:\Program Files\nodejs\node_modules\npm\bin\node-gyp-bin;C:\Users\chris\Desktop\tcc-client\node_modules\.bin;C:\Program Files (x86)\Git\mingw32\bin;C:\Program Files (x86)\Git\usr\bin;C:\Users\chris\bin;C:\ProgramData\Oracle\Java\javapath;C:\Program Files (x86)\Intel\iCLS Client;C:\Program Files\Intel\iCLS Client;C:\windows\system32;C:\windows;C:\windows\System32\Wbem;C:\windows\System32\WindowsPowerShell\v1.0;C:\Program Files (x86)\Intel\Intel(R) Management Engine Components\DAL;C:\Program Files\Intel\Intel(R) Management Engine Components\DAL;C:\Program Files (x86)\Intel\Intel(R) Management Engine Components\IPT;C:\Program Files\Intel\Intel(R) Management Engine Components\IPT;C:\Program Files (x86)\NVIDIA Corporation\PhysX\Common;C:\Program Files\Intel\WiFi\bin;C:\Program Files\Common Files\Intel\WirelessCommon;C:\Program Files (x86)\Git\cmd;C:\Program Files\ArangoDB3 3.1.21\bin;C:\ProgramData\ComposerSetup\bin;C:\Users\Public\Documents\ArangoDB3 3.1.21\usr\bin;C:\Program Files\nodejs;C:\Program Files\PuTTY;C:\HashiCorp\Vagrant\bin;C:\Program Files\MySQL\MySQL Utilities 1.6;C:\Users\chris\AppData\Local\Microsoft\WindowsApps;C:\xampp\php;C:\Users\chris\AppData\Roaming\Composer\vendor\bin;C:\Users\chris\AppData\Local\ArangoDB3-client 3.1.21\usr\bin;C:\Users\chris\AppData\Roaming\npm;C:\Users\chris\AppData\Local\atom\bin
10 verbose lifecycle tcc-app@0.1.0~serve: CWD: C:\Users\chris\Desktop\tcc-client
11 silly lifecycle tcc-app@0.1.0~serve: Args: [ '/d /s /c', 'php -S localhost:8080' ]
12 silly lifecycle tcc-app@0.1.0~serve: Returned: code: 3221225786  signal: null
13 info lifecycle tcc-app@0.1.0~serve: Failed to exec serve script
14 verbose stack Error: tcc-app@0.1.0 serve: `php -S localhost:8080`
14 verbose stack Exit status 3221225786
14 verbose stack     at EventEmitter.<anonymous> (C:\Program Files\nodejs\node_modules\npm\lib\utils\lifecycle.js:255:16)
14 verbose stack     at emitTwo (events.js:106:13)
14 verbose stack     at EventEmitter.emit (events.js:191:7)
14 verbose stack     at ChildProcess.<anonymous> (C:\Program Files\nodejs\node_modules\npm\lib\utils\spawn.js:40:14)
14 verbose stack     at emitTwo (events.js:106:13)
14 verbose stack     at ChildProcess.emit (events.js:191:7)
14 verbose stack     at maybeClose (internal/child_process.js:886:16)
14 verbose stack     at Process.ChildProcess._handle.onexit (internal/child_process.js:226:5)
15 verbose pkgid tcc-app@0.1.0
16 verbose cwd C:\Users\chris\Desktop\tcc-client
17 error Windows_NT 10.0.14393
18 error argv "C:\\Program Files\\nodejs\\node.exe" "C:\\Program Files\\nodejs\\node_modules\\npm\\bin\\npm-cli.js" "run" "serve"
19 error node v6.10.3
20 error npm  v3.10.10
21 error code ELIFECYCLE
22 error tcc-app@0.1.0 serve: `php -S localhost:8080`
22 error Exit status 3221225786
23 error Failed at the tcc-app@0.1.0 serve script 'php -S localhost:8080'.
23 error Make sure you have the latest version of node.js and npm installed.
23 error If you do, this is most likely a problem with the tcc-app package,
23 error not with npm itself.
23 error Tell the author that this fails on your system:
23 error     php -S localhost:8080
23 error You can get information on how to open an issue for this project with:
23 error     npm bugs tcc-app
23 error Or if that isn't available, you can get their info via:
23 error     npm owner ls tcc-app
23 error There is likely additional logging output above.
24 verbose exit [ 1, true ]
